<?xml version="1.0" encoding="UTF-8"?>
<!-- Generated by org.testng.reporters.JUnitReportReporter -->
<testsuite hostname="DESKTOP-05M0LBI" failures="0" tests="2" name="com.vtiger.skipulogo.leadtest.ConvertLeadtoOpertunityBySelectingOnlyOpertunityTest" time="72.218" errors="0" timestamp="2021-08-27T16:25:55 IST" skipped="0">
  <testcase classname="com.vtiger.skipulogo.leadtest.ConvertLeadtoOpertunityBySelectingOnlyOpertunityTest" name="ConvertLeadtoOpertunityBySelectingOnlyOpertunityTesst" time="36.625"/>
  <system-out/>
  <testcase classname="com.vtiger.skipulogo.leadtest.ConvertLeadtoOpertunityBySelectingOnlyOpertunityTest" name="ConvertLeadtoOpertunityBySelectingOnlyOpertunityTesst" time="35.593"/>
  <system-out/>
</testsuite> <!-- com.vtiger.skipulogo.leadtest.ConvertLeadtoOpertunityBySelectingOnlyOpertunityTest -->
