<?xml version="1.0" encoding="UTF-8"?>
<!-- Generated by org.testng.reporters.JUnitReportReporter -->
<testsuite hostname="DESKTOP-05M0LBI" failures="0" tests="1" name="com.vtiger.skipulogo.leadtest.ConverLeadToBySelectingOnlyOrganisation" time="39.533" errors="0" timestamp="2021-08-23T22:01:50 IST" skipped="0">
  <testcase classname="com.vtiger.skipulogo.leadtest.ConverLeadToBySelectingOnlyOrganisation" name="ConverLeadToBySelectingOnlyOrganisation" time="39.533"/>
  <system-out/>
</testsuite> <!-- com.vtiger.skipulogo.leadtest.ConverLeadToBySelectingOnlyOrganisation -->
