<?xml version="1.0" encoding="UTF-8"?>
<!-- Generated by org.testng.reporters.JUnitReportReporter -->
<testsuite hostname="DESKTOP-05M0LBI" failures="0" tests="2" name="practice.ExtentReport" time="15.273" errors="0" timestamp="2021-08-25T14:21:40 IST" skipped="0">
  <testcase classname="practice.ExtentReport" name="extentReportHomePage" time="6.757"/>
  <system-out/>
  <testcase classname="practice.ExtentReport" name="extentReportOrgPg" time="8.516"/>
  <system-out/>
</testsuite> <!-- practice.ExtentReport -->
