<?xml version="1.0" encoding="UTF-8"?>
<!-- Generated by org.testng.reporters.JUnitReportReporter -->
<testsuite hostname="DESKTOP-05M0LBI" failures="0" tests="3" name="com.vtiger.skipulogo.leadtest1.CreateLeadTest" time="98.168" errors="0" timestamp="2021-08-27T16:30:35 IST" skipped="0">
  <testcase classname="com.vtiger.skipulogo.leadtest1.CreateLeadTest" name="ConvertLeadtoOpertunityBySelectingOnlyOpertunityTesst" time="32.316"/>
  <system-out/>
  <testcase classname="com.vtiger.skipulogo.leadtest1.CreateLeadTest" name="ConverLeadToBySelectingOnlyOrganisation" time="31.565"/>
  <system-out/>
  <testcase classname="com.vtiger.skipulogo.leadtest1.CreateLeadTest" name="ConvertLeadBySelectingAllChkBxTest" time="34.287"/>
  <system-out/>
</testsuite> <!-- com.vtiger.skipulogo.leadtest1.CreateLeadTest -->
